Arguments: 
  C:\Program Files\nodejs\node.exe C:\Users\pengl\AppData\Roaming\npm\node_modules\yarn\bin\yarn.js publish

PATH: 
  C:\ProgramData\Oracle\Java\javapath;C:\app\pengl\product\11.2.0\client_1;C:\windows\system32;C:\windows;C:\windows\System32\Wbem;C:\windows\System32\WindowsPowerShell\v1.0\;C:\windows\System32\WindowsPowerShell\v1.0\;C:\Program Files\Git\cmd;C:\Program Files\nodejs\;C:\Program Files\TortoiseGit\bin;C:\ProgramData\Hewlett-Packard\PC COE\VSC\Drivers\;C:\Program Files\apache-maven-3.3.9\bin;C:\Python26;C:\opt\gtk\bin;C:\Program Files (x86)\Java\jre1.8.0_101\bin\;C:\Users\pengl\AppData\Roaming\npm;C:\Users\pengl\Downloads\phantomjs-2.1.1-windows\bin;C:\Users\pengl\WebstormProjects\Browser_Drivers

Yarn version: 
  0.21.3

Node version: 
  6.9.4

Platform: 
  win32 x64

npm manifest: 
  {
    "name": "test-yarn-project",
    "version": "1.0.5",
    "description": "This is only for test of yarn package manager",
    "main": "index.js",
    "repository": "git@github.houston.entsvcs.net:pli/yarnProject.git",
    "author": "pli <pli@hpe.com>",
    "license": "MIT",
    "keywords": [
      "test",
      "yarnPorject"
    ],
    "files": [
      "index.js",
      "lib/*.js",
      "bin/*.js"
    ],
    "bin": {
      "yarnProject-cli": "bin/yarnProject-cli.js"
    },
    "dependencies": {
      "dotenv": "^4.0.0",
      "node-jen": "^1.0.6",
      "node-xlsx": "^0.7.4",
      "selenium-webdriver": "^3.3.0"
    }
  }

yarn manifest: 
  No manifest

Lockfile: 
  # THIS IS AN AUTOGENERATED FILE. DO NOT EDIT THIS FILE DIRECTLY.
  # yarn lockfile v1
  
  
  adler-32@:
    version "1.0.0"
    resolved "https://registry.yarnpkg.com/adler-32/-/adler-32-1.0.0.tgz#28728a71756f629666dd1653cd80793a9df18651"
    dependencies:
      concat-stream ""
      exit-on-epipe ""
      printj ""
  
  adm-zip@^0.4.7:
    version "0.4.7"
    resolved "https://registry.yarnpkg.com/adm-zip/-/adm-zip-0.4.7.tgz#8606c2cbf1c426ce8c8ec00174447fd49b6eafc1"
  
  balanced-match@^0.4.1:
    version "0.4.2"
    resolved "https://registry.yarnpkg.com/balanced-match/-/balanced-match-0.4.2.tgz#cb3f3e3c732dc0f01ee70b403f302e61d7709838"
  
  brace-expansion@^1.0.0:
    version "1.1.6"
    resolved "https://registry.yarnpkg.com/brace-expansion/-/brace-expansion-1.1.6.tgz#7197d7eaa9b87e648390ea61fc66c84427420df9"
    dependencies:
      balanced-match "^0.4.1"
      concat-map "0.0.1"
  
  buffer-shims@^1.0.0:
    version "1.0.0"
    resolved "https://registry.yarnpkg.com/buffer-shims/-/buffer-shims-1.0.0.tgz#9978ce317388c649ad8793028c3477ef044a8b51"
  
  cfb@~0.11.0:
    version "0.11.1"
    resolved "https://registry.yarnpkg.com/cfb/-/cfb-0.11.1.tgz#a96db8f272a6c3fb99dbbb23ef41223f48be1ea7"
    dependencies:
      commander ""
  
  codepage@:
    version "1.8.1"
    resolved "https://registry.yarnpkg.com/codepage/-/codepage-1.8.1.tgz#f1a009d5261dc2754628bacb6fbbf0e6e2abffaa"
    dependencies:
      commander ""
      concat-stream ""
      exit-on-epipe ""
      voc ""
  
  colors@0.6.2:
    version "0.6.2"
    resolved "https://registry.yarnpkg.com/colors/-/colors-0.6.2.tgz#2423fe6678ac0c5dae8852e5d0e5be08c997abcc"
  
  commander@:
    version "2.9.0"
    resolved "https://registry.yarnpkg.com/commander/-/commander-2.9.0.tgz#9c99094176e12240cb22d6c5146098400fe0f7d4"
    dependencies:
      graceful-readlink ">= 1.0.0"
  
  concat-map@0.0.1:
    version "0.0.1"
    resolved "https://registry.yarnpkg.com/concat-map/-/concat-map-0.0.1.tgz#d8a96bd77fd68df7793a73036a3ba0d5405d477b"
  
  concat-stream@:
    version "1.6.0"
    resolved "https://registry.yarnpkg.com/concat-stream/-/concat-stream-1.6.0.tgz#0aac662fd52be78964d5532f694784e70110acf7"
    dependencies:
      inherits "^2.0.3"
      readable-stream "^2.2.2"
      typedarray "^0.0.6"
  
  core-util-is@~1.0.0:
    version "1.0.2"
    resolved "https://registry.yarnpkg.com/core-util-is/-/core-util-is-1.0.2.tgz#b5fd54220aa2bc5ab57aab7140c940754503c1a7"
  
  crc-32@:
    version "1.0.1"
    resolved "https://registry.yarnpkg.com/crc-32/-/crc-32-1.0.1.tgz#2efbddb7ccbb7beb4d181803b10e33a29c9fd214"
    dependencies:
      concat-stream ""
      exit-on-epipe ""
      printj ""
  
  dotenv@^4.0.0:
    version "4.0.0"
    resolved "https://registry.yarnpkg.com/dotenv/-/dotenv-4.0.0.tgz#864ef1379aced55ce6f95debecdce179f7a0cd1d"
  
  exit-on-epipe@:
    version "1.0.0"
    resolved "https://registry.yarnpkg.com/exit-on-epipe/-/exit-on-epipe-1.0.0.tgz#f6e0579c8214d33a08109fd6e2e5c1dbc70463fc"
  
  frac@0.3.1:
    version "0.3.1"
    resolved "https://registry.yarnpkg.com/frac/-/frac-0.3.1.tgz#577677b7fdcbe6faf7c461f1801d34137cda4354"
  
  fs.realpath@^1.0.0:
    version "1.0.0"
    resolved "https://registry.yarnpkg.com/fs.realpath/-/fs.realpath-1.0.0.tgz#1504ad2523158caa40db4a2787cb01411994ea4f"
  
  glob@^7.0.5:
    version "7.1.1"
    resolved "https://registry.yarnpkg.com/glob/-/glob-7.1.1.tgz#805211df04faaf1c63a3600306cdf5ade50b2ec8"
    dependencies:
      fs.realpath "^1.0.0"
      inflight "^1.0.4"
      inherits "2"
      minimatch "^3.0.2"
      once "^1.3.0"
      path-is-absolute "^1.0.0"
  
  "graceful-readlink@>= 1.0.0":
    version "1.0.1"
    resolved "https://registry.yarnpkg.com/graceful-readlink/-/graceful-readlink-1.0.1.tgz#4cafad76bc62f02fa039b2f94e9a3dd3a391a725"
  
  inflight@^1.0.4:
    version "1.0.6"
    resolved "https://registry.yarnpkg.com/inflight/-/inflight-1.0.6.tgz#49bd6331d7d02d0c09bc910a1075ba8165b56df9"
    dependencies:
      once "^1.3.0"
      wrappy "1"
  
  inherits@2, inherits@^2.0.3, inherits@~2.0.1:
    version "2.0.3"
    resolved "https://registry.yarnpkg.com/inherits/-/inherits-2.0.3.tgz#633c2c83e3da42a502f52466022480f4208261de"
  
  isarray@~1.0.0:
    version "1.0.0"
    resolved "https://registry.yarnpkg.com/isarray/-/isarray-1.0.0.tgz#bb935d48582cba168c06834957a54a3e07124f11"
  
  lodash@^4.0.0:
    version "4.17.4"
    resolved "https://registry.yarnpkg.com/lodash/-/lodash-4.17.4.tgz#78203a4d1c328ae1d86dca6460e369b57f4055ae"
  
  minimatch@^3.0.2:
    version "3.0.3"
    resolved "https://registry.yarnpkg.com/minimatch/-/minimatch-3.0.3.tgz#2a4e4090b96b2db06a9d7df01055a62a77c9b774"
    dependencies:
      brace-expansion "^1.0.0"
  
  node-jen@^1.0.6:
    version "1.0.6"
    resolved "https://registry.yarnpkg.com/node-jen/-/node-jen-1.0.6.tgz#eb7533757e0bfd7e372d22f6f37543f2511200ae"
  
  node-xlsx@^0.7.4:
    version "0.7.4"
    resolved "https://registry.yarnpkg.com/node-xlsx/-/node-xlsx-0.7.4.tgz#1c3318e43b6c7ca4d01badb9f88f277a31e8a805"
    dependencies:
      xlsx "^0.8.0"
  
  once@^1.3.0:
    version "1.4.0"
    resolved "https://registry.yarnpkg.com/once/-/once-1.4.0.tgz#583b1aa775961d4b113ac17d9c50baef9dd76bd1"
    dependencies:
      wrappy "1"
  
  os-tmpdir@~1.0.1:
    version "1.0.2"
    resolved "https://registry.yarnpkg.com/os-tmpdir/-/os-tmpdir-1.0.2.tgz#bbe67406c79aa85c5cfec766fe5734555dfa1274"
  
  path-is-absolute@^1.0.0:
    version "1.0.1"
    resolved "https://registry.yarnpkg.com/path-is-absolute/-/path-is-absolute-1.0.1.tgz#174b9268735534ffbc7ace6bf53a5a9e1b5c5f5f"
  
  printj@:
    version "1.0.0"
    resolved "https://registry.yarnpkg.com/printj/-/printj-1.0.0.tgz#5c37de6c5772a3fed8468399c2063b5b22528867"
  
  process-nextick-args@~1.0.6:
    version "1.0.7"
    resolved "https://registry.yarnpkg.com/process-nextick-args/-/process-nextick-args-1.0.7.tgz#150e20b756590ad3f91093f25a4f2ad8bff30ba3"
  
  readable-stream@^2.2.2:
    version "2.2.6"
    resolved "https://registry.yarnpkg.com/readable-stream/-/readable-stream-2.2.6.tgz#8b43aed76e71483938d12a8d46c6cf1a00b1f816"
    dependencies:
      buffer-shims "^1.0.0"
      core-util-is "~1.0.0"
      inherits "~2.0.1"
      isarray "~1.0.0"
      process-nextick-args "~1.0.6"
      string_decoder "~0.10.x"
      util-deprecate "~1.0.1"
  
  rimraf@^2.5.4:
    version "2.6.1"
    resolved "https://registry.yarnpkg.com/rimraf/-/rimraf-2.6.1.tgz#c2338ec643df7a1b7fe5c54fa86f57428a55f33d"
    dependencies:
      glob "^7.0.5"
  
  sax@>=0.6.0:
    version "1.2.2"
    resolved "https://registry.yarnpkg.com/sax/-/sax-1.2.2.tgz#fd8631a23bc7826bef5d871bdb87378c95647828"
  
  selenium-webdriver@^3.3.0:
    version "3.3.0"
    resolved "https://registry.yarnpkg.com/selenium-webdriver/-/selenium-webdriver-3.3.0.tgz#f14d9b04cee9495d4284d22105b189b8305ccca1"
    dependencies:
      adm-zip "^0.4.7"
      rimraf "^2.5.4"
      tmp "0.0.30"
      xml2js "^0.4.17"
  
  ssf@~0.8.1:
    version "0.8.2"
    resolved "https://registry.yarnpkg.com/ssf/-/ssf-0.8.2.tgz#b9d4dc6a1c1bcf76f8abfa96d7d7656fb2abecd6"
    dependencies:
      colors "0.6.2"
      frac "0.3.1"
      voc ""
  
  string_decoder@~0.10.x:
    version "0.10.31"
    resolved "https://registry.yarnpkg.com/string_decoder/-/string_decoder-0.10.31.tgz#62e203bc41766c6c28c9fc84301dab1c5310fa94"
  
  tmp@0.0.30:
    version "0.0.30"
    resolved "https://registry.yarnpkg.com/tmp/-/tmp-0.0.30.tgz#72419d4a8be7d6ce75148fd8b324e593a711c2ed"
    dependencies:
      os-tmpdir "~1.0.1"
  
  typedarray@^0.0.6:
    version "0.0.6"
    resolved "https://registry.yarnpkg.com/typedarray/-/typedarray-0.0.6.tgz#867ac74e3864187b1d3d47d996a78ec5c8830777"
  
  util-deprecate@~1.0.1:
    version "1.0.2"
    resolved "https://registry.yarnpkg.com/util-deprecate/-/util-deprecate-1.0.2.tgz#450d4dc9fa70de732762fbd2d4a28981419a0ccf"
  
  voc@:
    version "0.5.0"
    resolved "https://registry.yarnpkg.com/voc/-/voc-0.5.0.tgz#be6ca7c76e4a57d930cc80f6b31fbd80ca86045c"
  
  wrappy@1:
    version "1.0.2"
    resolved "https://registry.yarnpkg.com/wrappy/-/wrappy-1.0.2.tgz#b5243d8f3ec1aa35f1364605bc0d1036e30ab69f"
  
  xlsx@^0.8.0:
    version "0.8.8"
    resolved "https://registry.yarnpkg.com/xlsx/-/xlsx-0.8.8.tgz#b92d76e0b5e4f060c9208d4b744756510443853a"
    dependencies:
      adler-32 ""
      cfb "~0.11.0"
      codepage ""
      commander ""
      crc-32 ""
      exit-on-epipe ""
      ssf "~0.8.1"
  
  xml2js@^0.4.17:
    version "0.4.17"
    resolved "https://registry.yarnpkg.com/xml2js/-/xml2js-0.4.17.tgz#17be93eaae3f3b779359c795b419705a8817e868"
    dependencies:
      sax ">=0.6.0"
      xmlbuilder "^4.1.0"
  
  xmlbuilder@^4.1.0:
    version "4.2.1"
    resolved "https://registry.yarnpkg.com/xmlbuilder/-/xmlbuilder-4.2.1.tgz#aa58a3041a066f90eaa16c2f5389ff19f3f461a5"
    dependencies:
      lodash "^4.0.0"

Trace: 
  Error: https://registry.yarnpkg.com/test-yarn-project: "You cannot publish over the previously published version 1.0.5."
      at Request.params.callback [as _callback] (C:\Users\pengl\AppData\Roaming\npm\node_modules\yarn\lib\util\request-manager.js:313:18)
      at Request.self.callback (C:\Users\pengl\AppData\Roaming\npm\node_modules\yarn\node_modules\request\request.js:188:22)
      at emitTwo (events.js:106:13)
      at Request.emit (events.js:191:7)
      at Request.<anonymous> (C:\Users\pengl\AppData\Roaming\npm\node_modules\yarn\node_modules\request\request.js:1171:10)
      at emitOne (events.js:96:13)
      at Request.emit (events.js:188:7)
      at Gunzip.<anonymous> (C:\Users\pengl\AppData\Roaming\npm\node_modules\yarn\node_modules\request\request.js:1091:12)
      at Gunzip.g (events.js:291:16)
      at emitNone (events.js:91:20)
